
Copyright (C) 1994-2018 Synopsys, Inc.
This Synopsys software and all associated documentation are proprietary to Synopsys, Inc.
and may only be used pursuant to the terms and conditions of a written license agreement
with Synopsys, Inc. All other use, reproduction, modification, or distribution of the
Synopsys software or the associated documentation is strictly prohibited.
Tool: Synplify Pro (R)
Build: N-2018.03M-SP1-1
Install: C:\Microsemi\Libero_SoC_v12.1\SynplifyPro
OS: Windows 6.2

Hostname: PHOENIX136DESKY

Implementation : synthesis

# Written on Tue Apr  7 03:31:06 2020

##### DESIGN INFO #######################################################

Top View:                "Connection_system"
Constraint File(s):      "E:\Github_Repos\SF2_MKR_KIT_Connections\SF2_MKR_KIT_Connections\designer\Connection_system\synthesis.fdc"




##### SUMMARY ############################################################

Found 0 issues in 0 out of 0 constraints


##### DETAILS ############################################################



Clock Relationships
*******************

Starting                                                   Ending                                                     |     rise to rise     |     fall to fall     |     rise to fall     |     fall to rise                     
---------------------------------------------------------------------------------------------------------------------------------------------------------------------------------------------------------------------------------
System                                                     System                                                     |     10.000           |     No paths         |     No paths         |     No paths                         
Connection_system_sb_CCC_0_FCCC|GL0_net_inferred_clock     Connection_system_sb_CCC_0_FCCC|GL0_net_inferred_clock     |     10.000           |     No paths         |     No paths         |     No paths                         
Connection_system_sb_CCC_0_FCCC|GL0_net_inferred_clock     timerZ1|timer_clock_out_sig_inferred_clock                 |     Diff grp         |     No paths         |     No paths         |     No paths                         
timerZ1|timer_clock_out_sig_inferred_clock                 Connection_system_sb_CCC_0_FCCC|GL0_net_inferred_clock     |     Diff grp         |     No paths         |     No paths         |     No paths                         
timerZ1|timer_clock_out_sig_inferred_clock                 timerZ1|timer_clock_out_sig_inferred_clock                 |     10.000           |     No paths         |     No paths         |     No paths                         
=================================================================================================================================================================================================================================
 Note: 'No paths' indicates there are no paths in the design for that pair of clock edges.
       'Diff grp' indicates that paths exist but the starting clock and ending clock are in different clock groups.


Unconstrained Start/End Points
******************************

p:Board_Buttons[0]
p:Board_Buttons[1]
p:Board_J7[1]
p:Board_J7[2]
p:Board_J7[3]
p:Board_J7[4]
p:Board_J8
p:Board_J10
p:Board_J11
p:Board_LEDs[0]
p:Board_LEDs[1]
p:Board_LEDs[2]
p:Board_LEDs[3]
p:Board_LEDs[4]
p:Board_LEDs[5]
p:Board_LEDs[6]
p:Board_LEDs[7]
p:Board_MOD1[0]
p:Board_MOD1[1]
p:Board_MOD1[2]
p:Board_MOD1[3]
p:Board_MOD1[4]
p:Board_MOD1[5]
p:COMA_MODE
p:DEVRST_N
p:ETH_NRESET
p:FLASH_MEM_CLK
p:FLASH_MEM_HOLD_N
p:FLASH_MEM_SDI
p:FLASH_MEM_SDO
p:FLASH_MEM_SSO
p:FLASH_MEM_WP_N
p:GMII_COL
p:GMII_CRS
p:GMII_MDC
p:GMII_MDIO (bidir end point)
p:GMII_MDIO (bidir start point)
p:GMII_RXD[0]
p:GMII_RXD[1]
p:GMII_RXD[2]
p:GMII_RXD[3]
p:GMII_RXD[4]
p:GMII_RXD[5]
p:GMII_RXD[6]
p:GMII_RXD[7]
p:GMII_RX_DV
p:GMII_RX_ER
p:GMII_TXD[0]
p:GMII_TXD[1]
p:GMII_TXD[2]
p:GMII_TXD[3]
p:GMII_TXD[4]
p:GMII_TXD[5]
p:GMII_TXD[6]
p:GMII_TXD[7]
p:GMII_TX_CLK
p:GMII_TX_EN
p:GMII_TX_ER
p:Light_SCL (bidir end point)
p:Light_SCL (bidir start point)
p:Light_SDA (bidir end point)
p:Light_SDA (bidir start point)
p:MDINT
p:REFCLK_SEL[0]
p:REFCLK_SEL[1]
p:USB_UART_RXD
p:USB_UART_TXD


Inapplicable constraints
************************

(none)


Applicable constraints with issues
**********************************

(none)


Constraints with matching wildcard expressions
**********************************************

(none)


Library Report
**************


# End of Constraint Checker Report
