
Starting:    C:\Microsemi\Libero_SoC_v12.1\SynplifyPro\bin64\mbin\synbatch.exe
Install:     C:\Microsemi\Libero_SoC_v12.1\SynplifyPro
Hostname:    PHOENIX136DESKY
Date:        Wed Apr  1 23:27:32 2020
Version:     N-2018.03M-SP1-1

Arguments:   -product synplify_pro -licensetype synplifypro_actel -batch -log synplify.log Connection_system_syn.tcl
ProductType: synplify_pro

License checkout: synplifypro_actel
License: synplifypro_actel node-locked 
Licensed Vendor: actel
License Option: actel_oem

Running in Vendor Mode

auto_infer_blackbox is not supported in current product.
log file: "E:\Github_Repos\SF2_MKR_KIT_Connections\SF2_MKR_KIT_Connections\synthesis\Connection_system.srr"
Running: synthesis in foreground

Running Connection_system_syn|synthesis

Running Flow: compile (Compile) on Connection_system_syn|synthesis
# Wed Apr  1 23:27:32 2020

Running Flow: compile_flow (Compile Process) on Connection_system_syn|synthesis
# Wed Apr  1 23:27:32 2020

Running: compiler (Compile Input) on Connection_system_syn|synthesis
# Wed Apr  1 23:27:32 2020
Copied E:\Github_Repos\SF2_MKR_KIT_Connections\SF2_MKR_KIT_Connections\synthesis\synwork\Connection_system_comp.srs to E:\Github_Repos\SF2_MKR_KIT_Connections\SF2_MKR_KIT_Connections\synthesis\Connection_system.srs

compiler completed
# Wed Apr  1 23:27:34 2020

Return Code: 0
Run Time:00h:00m:02s

Running: multi_srs_gen (Multi-srs Generator) on Connection_system_syn|synthesis
# Wed Apr  1 23:27:34 2020

multi_srs_gen completed
# Wed Apr  1 23:27:35 2020

Return Code: 0
Run Time:00h:00m:01s
Copied E:\Github_Repos\SF2_MKR_KIT_Connections\SF2_MKR_KIT_Connections\synthesis\synwork\Connection_system_mult.srs to E:\Github_Repos\SF2_MKR_KIT_Connections\SF2_MKR_KIT_Connections\synthesis\Connection_system.srs
Complete: Compile Process on Connection_system_syn|synthesis

Running: premap (Premap) on Connection_system_syn|synthesis
# Wed Apr  1 23:27:35 2020

premap completed with warnings
# Wed Apr  1 23:27:36 2020

Return Code: 1
Run Time:00h:00m:01s
Complete: Compile on Connection_system_syn|synthesis

Running Flow: map (Map) on Connection_system_syn|synthesis
# Wed Apr  1 23:27:36 2020
License granted for 4 parallel jobs

Running: fpga_mapper (Map & Optimize) on Connection_system_syn|synthesis
# Wed Apr  1 23:27:36 2020
Copied E:\Github_Repos\SF2_MKR_KIT_Connections\SF2_MKR_KIT_Connections\synthesis\synwork\Connection_system_m.srm to E:\Github_Repos\SF2_MKR_KIT_Connections\SF2_MKR_KIT_Connections\synthesis\Connection_system.srm

fpga_mapper completed with warnings
# Wed Apr  1 23:27:41 2020

Return Code: 1
Run Time:00h:00m:05s
Complete: Map on Connection_system_syn|synthesis
Complete: Logic Synthesis on Connection_system_syn|synthesis
TCL script complete: "Connection_system_syn.tcl"
exit status=0
exit status=0
License checkin: synplifypro_actel
